2025-03-07 13:28:25,278 | INFO | MainLogger | Bot iniciado
2025-03-07 13:28:25,332 | INFO | MainLogger | Bot iniciado com modelo: models/best.pt
2025-03-07 13:28:25,332 | INFO | MainLogger | Bot em execução...
2025-03-07 13:28:27,396 | INFO | MainLogger | Detecção realizada com sucesso.
2025-03-07 13:28:27,642 | INFO | MainLogger | Detecção realizada com sucesso.
2025-03-07 13:28:27,815 | INFO | MainLogger | Detecção realizada com sucesso.
2025-03-07 13:28:27,955 | INFO | MainLogger | Detecção realizada com sucesso.
2025-03-07 13:28:28,089 | INFO | MainLogger | Detecção realizada com sucesso.
2025-03-07 13:28:28,216 | INFO | MainLogger | Detecção realizada com sucesso.
2025-03-07 13:28:28,348 | INFO | MainLogger | Detecção realizada com sucesso.
2025-03-07 13:28:28,486 | INFO | MainLogger | Detecção realizada com sucesso.
2025-03-07 13:28:28,619 | INFO | MainLogger | Detecção realizada com sucesso.
2025-03-07 13:28:28,741 | INFO | MainLogger | Detecção realizada com sucesso.
2025-03-07 13:28:28,858 | INFO | MainLogger | Detecção realizada com sucesso.
2025-03-07 13:28:28,977 | INFO | MainLogger | Detecção realizada com sucesso.
2025-03-07 13:28:29,123 | INFO | MainLogger | Detecção realizada com sucesso.
2025-03-07 13:28:29,241 | INFO | MainLogger | Detecção realizada com sucesso.
2025-03-07 13:28:29,360 | INFO | MainLogger | Detecção realizada com sucesso.
2025-03-07 13:28:29,493 | INFO | MainLogger | Detecção realizada com sucesso.
2025-03-07 13:28:29,626 | INFO | MainLogger | Detecção realizada com sucesso.
2025-03-07 13:28:29,741 | INFO | MainLogger | Detecção realizada com sucesso.
2025-03-07 13:28:29,860 | INFO | MainLogger | Detecção realizada com sucesso.
2025-03-07 13:28:29,993 | INFO | MainLogger | Detecção realizada com sucesso.
2025-03-07 13:28:30,126 | INFO | MainLogger | Detecção realizada com sucesso.
2025-03-07 13:28:30,244 | INFO | MainLogger | Detecção realizada com sucesso.
2025-03-07 13:28:30,381 | INFO | MainLogger | Detecção realizada com sucesso.
2025-03-07 13:28:30,508 | INFO | MainLogger | Detecção realizada com sucesso.
2025-03-07 13:28:30,630 | INFO | MainLogger | Detecção realizada com sucesso.
2025-03-07 13:28:30,764 | INFO | MainLogger | Detecção realizada com sucesso.
2025-03-07 13:28:30,892 | INFO | MainLogger | Detecção realizada com sucesso.
2025-03-07 13:28:31,006 | INFO | MainLogger | Detecção realizada com sucesso.
2025-03-07 13:28:31,124 | INFO | MainLogger | Detecção realizada com sucesso.
2025-03-07 13:28:31,238 | INFO | MainLogger | Detecção realizada com sucesso.
2025-03-07 13:28:31,358 | INFO | MainLogger | Detecção realizada com sucesso.
2025-03-07 13:28:31,473 | INFO | MainLogger | Detecção realizada com sucesso.
2025-03-07 13:28:31,596 | INFO | MainLogger | Detecção realizada com sucesso.
2025-03-07 13:28:31,726 | INFO | MainLogger | Detecção realizada com sucesso.
2025-03-07 13:28:31,843 | INFO | MainLogger | Detecção realizada com sucesso.
2025-03-07 13:28:31,959 | INFO | MainLogger | Detecção realizada com sucesso.
2025-03-07 13:28:32,801 | INFO | MainLogger | Detecção realizada com sucesso.
2025-03-07 13:28:32,925 | INFO | MainLogger | Detecção realizada com sucesso.
2025-03-07 13:28:33,044 | INFO | MainLogger | Detecção realizada com sucesso.
2025-03-07 13:28:33,158 | INFO | MainLogger | Detecção realizada com sucesso.
2025-03-07 13:28:33,289 | INFO | MainLogger | Detecção realizada com sucesso.
2025-03-07 13:28:33,413 | INFO | MainLogger | Detecção realizada com sucesso.
2025-03-07 13:28:33,531 | INFO | MainLogger | Detecção realizada com sucesso.
2025-03-07 13:28:33,668 | INFO | MainLogger | Detecção realizada com sucesso.
2025-03-07 13:28:33,804 | INFO | MainLogger | Detecção realizada com sucesso.
2025-03-07 13:28:33,932 | INFO | MainLogger | Detecção realizada com sucesso.
2025-03-07 13:28:34,072 | INFO | MainLogger | Detecção realizada com sucesso.
2025-03-07 13:28:34,205 | INFO | MainLogger | Detecção realizada com sucesso.
2025-03-07 13:28:34,335 | INFO | MainLogger | Detecção realizada com sucesso.
2025-03-07 13:28:34,468 | INFO | MainLogger | Detecção realizada com sucesso.
2025-03-07 13:28:34,599 | INFO | MainLogger | Detecção realizada com sucesso.
2025-03-07 13:28:34,734 | INFO | MainLogger | Detecção realizada com sucesso.
2025-03-07 13:28:34,861 | INFO | MainLogger | Detecção realizada com sucesso.
2025-03-07 13:28:34,978 | INFO | MainLogger | Detecção realizada com sucesso.
2025-03-07 13:28:35,097 | INFO | MainLogger | Detecção realizada com sucesso.
2025-03-07 13:28:35,233 | INFO | MainLogger | Detecção realizada com sucesso.
2025-03-07 13:28:35,366 | INFO | MainLogger | Detecção realizada com sucesso.
2025-03-07 13:28:35,504 | INFO | MainLogger | Detecção realizada com sucesso.
2025-03-07 13:28:35,631 | INFO | MainLogger | Detecção realizada com sucesso.
2025-03-07 13:28:35,752 | INFO | MainLogger | Detecção realizada com sucesso.
2025-03-07 13:28:35,880 | INFO | MainLogger | Detecção realizada com sucesso.
2025-03-07 13:28:36,001 | INFO | MainLogger | Detecção realizada com sucesso.
2025-03-07 13:28:36,132 | INFO | MainLogger | Detecção realizada com sucesso.
2025-03-07 13:28:36,248 | INFO | MainLogger | Detecção realizada com sucesso.
2025-03-07 13:28:36,363 | INFO | MainLogger | Detecção realizada com sucesso.
2025-03-07 13:28:36,622 | INFO | MainLogger | Detecção realizada com sucesso.
2025-03-07 13:28:36,679 | INFO | MainLogger | Bot encerrado.
